<?xml version="1.0" encoding="UTF-8"?>
<coverage generated="1519180204210" clover="3.2.0">
  <project timestamp="1519180204210" name="All files">
    <metrics statements="29" coveredstatements="14" conditionals="12" coveredconditionals="0" methods="11" coveredmethods="5" elements="52" coveredelements="19" complexity="0" loc="29" ncloc="29" packages="7" files="15" classes="15">
      <package name="React.AppTheme">
        <metrics statements="1" coveredstatements="1" conditionals="0" coveredconditionals="0" methods="0" coveredmethods="0"/>
        <file name="AppTheme.js" path="/Users/chartlytics/WebstormProjects/sendme-app/React/AppTheme/AppTheme.js">
          <metrics statements="0" coveredstatements="0" conditionals="0" coveredconditionals="0" methods="0" coveredmethods="0"/>
        </file>
        <file name="SendMe2017.js" path="/Users/chartlytics/WebstormProjects/sendme-app/React/AppTheme/SendMe2017.js">
          <metrics statements="1" coveredstatements="1" conditionals="0" coveredconditionals="0" methods="0" coveredmethods="0"/>
          <line num="4" count="4" type="stmt"/>
        </file>
      </package>
      <package name="React.Components.Display.Button">
        <metrics statements="2" coveredstatements="2" conditionals="0" coveredconditionals="0" methods="1" coveredmethods="1"/>
        <file name="Button.js" path="/Users/chartlytics/WebstormProjects/sendme-app/React/Components/Display/Button/Button.js">
          <metrics statements="2" coveredstatements="2" conditionals="0" coveredconditionals="0" methods="1" coveredmethods="1"/>
          <line num="8" count="1" type="stmt"/>
          <line num="9" count="1" type="stmt"/>
        </file>
        <file name="index.js" path="/Users/chartlytics/WebstormProjects/sendme-app/React/Components/Display/Button/index.js">
          <metrics statements="0" coveredstatements="0" conditionals="0" coveredconditionals="0" methods="0" coveredmethods="0"/>
        </file>
      </package>
      <package name="React.Components.Display.Header1">
        <metrics statements="3" coveredstatements="3" conditionals="0" coveredconditionals="0" methods="1" coveredmethods="1"/>
        <file name="Header1.js" path="/Users/chartlytics/WebstormProjects/sendme-app/React/Components/Display/Header1/Header1.js">
          <metrics statements="2" coveredstatements="2" conditionals="0" coveredconditionals="0" methods="1" coveredmethods="1"/>
          <line num="12" count="1" type="stmt"/>
          <line num="13" count="1" type="stmt"/>
        </file>
        <file name="HeaderStyle.js" path="/Users/chartlytics/WebstormProjects/sendme-app/React/Components/Display/Header1/HeaderStyle.js">
          <metrics statements="1" coveredstatements="1" conditionals="0" coveredconditionals="0" methods="0" coveredmethods="0"/>
          <line num="5" count="2" type="stmt"/>
        </file>
        <file name="index.js" path="/Users/chartlytics/WebstormProjects/sendme-app/React/Components/Display/Header1/index.js">
          <metrics statements="0" coveredstatements="0" conditionals="0" coveredconditionals="0" methods="0" coveredmethods="0"/>
        </file>
      </package>
      <package name="React.Components.Display.TextInput">
        <metrics statements="3" coveredstatements="3" conditionals="0" coveredconditionals="0" methods="1" coveredmethods="1"/>
        <file name="TextInput.js" path="/Users/chartlytics/WebstormProjects/sendme-app/React/Components/Display/TextInput/TextInput.js">
          <metrics statements="2" coveredstatements="2" conditionals="0" coveredconditionals="0" methods="1" coveredmethods="1"/>
          <line num="8" count="1" type="stmt"/>
          <line num="9" count="1" type="stmt"/>
        </file>
        <file name="TextInputStyle.js" path="/Users/chartlytics/WebstormProjects/sendme-app/React/Components/Display/TextInput/TextInputStyle.js">
          <metrics statements="1" coveredstatements="1" conditionals="0" coveredconditionals="0" methods="0" coveredmethods="0"/>
          <line num="5" count="2" type="stmt"/>
        </file>
        <file name="index.js" path="/Users/chartlytics/WebstormProjects/sendme-app/React/Components/Display/TextInput/index.js">
          <metrics statements="0" coveredstatements="0" conditionals="0" coveredconditionals="0" methods="0" coveredmethods="0"/>
        </file>
      </package>
      <package name="React.Components.Pages.Login">
        <metrics statements="11" coveredstatements="4" conditionals="2" coveredconditionals="0" methods="6" coveredmethods="2"/>
        <file name="Login.js" path="/Users/chartlytics/WebstormProjects/sendme-app/React/Components/Pages/Login/Login.js">
          <metrics statements="10" coveredstatements="3" conditionals="2" coveredconditionals="0" methods="6" coveredmethods="2"/>
          <line num="13" count="1" type="stmt"/>
          <line num="20" count="1" type="stmt"/>
          <line num="22" count="1" type="stmt"/>
          <line num="41" count="0" type="stmt"/>
          <line num="45" count="0" type="stmt"/>
          <line num="49" count="0" type="stmt"/>
          <line num="50" count="0" type="stmt"/>
          <line num="51" count="0" type="stmt"/>
          <line num="55" count="0" type="stmt"/>
          <line num="56" count="0" type="stmt"/>
        </file>
        <file name="LoginStyle.js" path="/Users/chartlytics/WebstormProjects/sendme-app/React/Components/Pages/Login/LoginStyle.js">
          <metrics statements="1" coveredstatements="1" conditionals="0" coveredconditionals="0" methods="0" coveredmethods="0"/>
          <line num="5" count="1" type="stmt"/>
        </file>
        <file name="index.js" path="/Users/chartlytics/WebstormProjects/sendme-app/React/Components/Pages/Login/index.js">
          <metrics statements="0" coveredstatements="0" conditionals="0" coveredconditionals="0" methods="0" coveredmethods="0"/>
        </file>
      </package>
      <package name="Redux.Actions.User">
        <metrics statements="3" coveredstatements="0" conditionals="4" coveredconditionals="0" methods="1" coveredmethods="0"/>
        <file name="User.js" path="/Users/chartlytics/WebstormProjects/sendme-app/Redux/Actions/User/User.js">
          <metrics statements="3" coveredstatements="0" conditionals="4" coveredconditionals="0" methods="1" coveredmethods="0"/>
          <line num="6" count="0" type="cond" truecount="0" falsecount="4"/>
          <line num="7" count="0" type="stmt"/>
          <line num="11" count="0" type="stmt"/>
        </file>
      </package>
      <package name="Redux.Reducers">
        <metrics statements="6" coveredstatements="1" conditionals="6" coveredconditionals="0" methods="1" coveredmethods="0"/>
        <file name="User.js" path="/Users/chartlytics/WebstormProjects/sendme-app/Redux/Reducers/User.js">
          <metrics statements="6" coveredstatements="1" conditionals="6" coveredconditionals="0" methods="1" coveredmethods="0"/>
          <line num="6" count="1" type="stmt"/>
          <line num="12" count="0" type="cond" truecount="0" falsecount="3"/>
          <line num="14" count="0" type="stmt"/>
          <line num="21" count="0" type="stmt"/>
          <line num="22" count="0" type="stmt"/>
          <line num="28" count="0" type="cond" truecount="0" falsecount="2"/>
        </file>
      </package>
    </metrics>
  </project>
</coverage>
