{"/Users/chartlytics/WebstormProjects/sendme-app/React/AppTheme/AppTheme.js": {"path":"/Users/chartlytics/WebstormProjects/sendme-app/React/AppTheme/AppTheme.js","statementMap":{},"fnMap":{},"branchMap":{},"s":{},"f":{},"b":{},"_coverageSchema":"332fd63041d2c1bcb487cc26dd0d5f7d97098a6c","hash":"1ed466507aef30fe8835d4aced55fd8f3f0f3e6e"}
,"/Users/chartlytics/WebstormProjects/sendme-app/React/AppTheme/SendMe2017.js": {"path":"/Users/chartlytics/WebstormProjects/sendme-app/React/AppTheme/SendMe2017.js","statementMap":{"0":{"start":{"line":4,"column":26},"end":{"line":17,"column":1}}},"fnMap":{},"branchMap":{},"s":{"0":4},"f":{},"b":{},"_coverageSchema":"332fd63041d2c1bcb487cc26dd0d5f7d97098a6c","hash":"4706593dc54efaa3dbc004193b952c2e1167bec4"}
,"/Users/chartlytics/WebstormProjects/sendme-app/React/Components/Display/Button/Button.js": {"path":"/Users/chartlytics/WebstormProjects/sendme-app/React/Components/Display/Button/Button.js","statementMap":{"0":{"start":{"line":8,"column":25},"end":{"line":8,"column":35}},"1":{"start":{"line":9,"column":4},"end":{"line":9,"column":77}}},"fnMap":{"0":{"name":"(anonymous_0)","decl":{"start":{"line":7,"column":2},"end":{"line":7,"column":3}},"loc":{"start":{"line":7,"column":11},"end":{"line":10,"column":3}},"line":7}},"branchMap":{},"s":{"0":1,"1":1},"f":{"0":1},"b":{},"_coverageSchema":"332fd63041d2c1bcb487cc26dd0d5f7d97098a6c","hash":"804ebbea5fb59816cf02ca329d3bcabf436e3bd4"}
,"/Users/chartlytics/WebstormProjects/sendme-app/React/Components/Display/Button/index.js": {"path":"/Users/chartlytics/WebstormProjects/sendme-app/React/Components/Display/Button/index.js","statementMap":{},"fnMap":{},"branchMap":{},"s":{},"f":{},"b":{},"_coverageSchema":"332fd63041d2c1bcb487cc26dd0d5f7d97098a6c","hash":"ad4b1f69a5d2fe4cebdde43b849fe7059915691d"}
,"/Users/chartlytics/WebstormProjects/sendme-app/React/Components/Display/Header1/Header1.js": {"path":"/Users/chartlytics/WebstormProjects/sendme-app/React/Components/Display/Header1/Header1.js","statementMap":{"0":{"start":{"line":12,"column":22},"end":{"line":12,"column":32}},"1":{"start":{"line":13,"column":4},"end":{"line":13,"column":82}}},"fnMap":{"0":{"name":"(anonymous_0)","decl":{"start":{"line":11,"column":2},"end":{"line":11,"column":3}},"loc":{"start":{"line":11,"column":11},"end":{"line":14,"column":3}},"line":11}},"branchMap":{},"s":{"0":1,"1":1},"f":{"0":1},"b":{},"_coverageSchema":"332fd63041d2c1bcb487cc26dd0d5f7d97098a6c","hash":"a7701a1e5735b28340de92590f21b4c639cd9bff"}
,"/Users/chartlytics/WebstormProjects/sendme-app/React/Components/Display/Header1/HeaderStyle.js": {"path":"/Users/chartlytics/WebstormProjects/sendme-app/React/Components/Display/Header1/HeaderStyle.js","statementMap":{"0":{"start":{"line":5,"column":21},"end":{"line":13,"column":2}}},"fnMap":{},"branchMap":{},"s":{"0":2},"f":{},"b":{},"_coverageSchema":"332fd63041d2c1bcb487cc26dd0d5f7d97098a6c","hash":"82fcfb86d2e5f46330354e6d1dd177a43c5d40d5"}
,"/Users/chartlytics/WebstormProjects/sendme-app/React/Components/Display/Header1/index.js": {"path":"/Users/chartlytics/WebstormProjects/sendme-app/React/Components/Display/Header1/index.js","statementMap":{},"fnMap":{},"branchMap":{},"s":{},"f":{},"b":{},"_coverageSchema":"332fd63041d2c1bcb487cc26dd0d5f7d97098a6c","hash":"c8582d07b0c11dcfc785e7ad1b2f2ea1c8bd9338"}
,"/Users/chartlytics/WebstormProjects/sendme-app/React/Components/Display/TextInput/TextInput.js": {"path":"/Users/chartlytics/WebstormProjects/sendme-app/React/Components/Display/TextInput/TextInput.js","statementMap":{"0":{"start":{"line":8,"column":32},"end":{"line":8,"column":42}},"1":{"start":{"line":9,"column":4},"end":{"line":9,"column":86}}},"fnMap":{"0":{"name":"(anonymous_0)","decl":{"start":{"line":7,"column":2},"end":{"line":7,"column":3}},"loc":{"start":{"line":7,"column":11},"end":{"line":10,"column":3}},"line":7}},"branchMap":{},"s":{"0":1,"1":1},"f":{"0":1},"b":{},"_coverageSchema":"332fd63041d2c1bcb487cc26dd0d5f7d97098a6c","hash":"30c272db049b7d27a43541c1e9b6cd64a7d5066d"}
,"/Users/chartlytics/WebstormProjects/sendme-app/React/Components/Display/TextInput/TextInputStyle.js": {"path":"/Users/chartlytics/WebstormProjects/sendme-app/React/Components/Display/TextInput/TextInputStyle.js","statementMap":{"0":{"start":{"line":5,"column":23},"end":{"line":14,"column":2}}},"fnMap":{},"branchMap":{},"s":{"0":2},"f":{},"b":{},"_coverageSchema":"332fd63041d2c1bcb487cc26dd0d5f7d97098a6c","hash":"4d879bc865b277b21299b5d04302d17edae7e96f"}
,"/Users/chartlytics/WebstormProjects/sendme-app/React/Components/Display/TextInput/index.js": {"path":"/Users/chartlytics/WebstormProjects/sendme-app/React/Components/Display/TextInput/index.js","statementMap":{},"fnMap":{},"branchMap":{},"s":{},"f":{},"b":{},"_coverageSchema":"332fd63041d2c1bcb487cc26dd0d5f7d97098a6c","hash":"f66d218fee9244a51f76e06c2f906822fd5a7914"}
,"/Users/chartlytics/WebstormProjects/sendme-app/React/Components/Pages/Login/Login.js": {"path":"/Users/chartlytics/WebstormProjects/sendme-app/React/Components/Pages/Login/Login.js","statementMap":{"0":{"start":{"line":13,"column":22},"end":{"line":13,"column":31}},"1":{"start":{"line":20,"column":26},"end":{"line":20,"column":112}},"2":{"start":{"line":20,"column":55},"end":{"line":20,"column":111}},"3":{"start":{"line":22,"column":24},"end":{"line":24,"column":2}},"4":{"start":{"line":22,"column":57},"end":{"line":24,"column":1}},"5":{"start":{"line":41,"column":4},"end":{"line":41,"column":32}},"6":{"start":{"line":45,"column":4},"end":{"line":45,"column":32}},"7":{"start":{"line":49,"column":35},"end":{"line":49,"column":45}},"8":{"start":{"line":50,"column":35},"end":{"line":50,"column":45}},"9":{"start":{"line":51,"column":4},"end":{"line":51,"column":34}},"10":{"start":{"line":55,"column":27},"end":{"line":55,"column":37}},"11":{"start":{"line":56,"column":4},"end":{"line":68,"column":6}}},"fnMap":{"0":{"name":"(anonymous_0)","decl":{"start":{"line":20,"column":26},"end":{"line":20,"column":27}},"loc":{"start":{"line":20,"column":55},"end":{"line":20,"column":111}},"line":20},"1":{"name":"(anonymous_1)","decl":{"start":{"line":22,"column":24},"end":{"line":22,"column":25}},"loc":{"start":{"line":22,"column":57},"end":{"line":24,"column":1}},"line":22},"2":{"name":"(anonymous_2)","decl":{"start":{"line":40,"column":21},"end":{"line":40,"column":22}},"loc":{"start":{"line":40,"column":44},"end":{"line":42,"column":3}},"line":40},"3":{"name":"(anonymous_3)","decl":{"start":{"line":44,"column":21},"end":{"line":44,"column":22}},"loc":{"start":{"line":44,"column":44},"end":{"line":46,"column":3}},"line":44},"4":{"name":"(anonymous_4)","decl":{"start":{"line":48,"column":12},"end":{"line":48,"column":13}},"loc":{"start":{"line":48,"column":18},"end":{"line":52,"column":3}},"line":48},"5":{"name":"(anonymous_5)","decl":{"start":{"line":54,"column":2},"end":{"line":54,"column":3}},"loc":{"start":{"line":54,"column":11},"end":{"line":69,"column":3}},"line":54}},"branchMap":{"0":{"loc":{"start":{"line":62,"column":11},"end":{"line":62,"column":58}},"type":"binary-expr","locations":[{"start":{"line":62,"column":11},"end":{"line":62,"column":29}},{"start":{"line":62,"column":33},"end":{"line":62,"column":58}}],"line":62}},"s":{"0":1,"1":1,"2":1,"3":1,"4":1,"5":0,"6":0,"7":0,"8":0,"9":0,"10":0,"11":0},"f":{"0":1,"1":1,"2":0,"3":0,"4":0,"5":0},"b":{"0":[0,0]},"_coverageSchema":"332fd63041d2c1bcb487cc26dd0d5f7d97098a6c","hash":"668143d2a51bca09ce3323f77a14456c2f9c6163"}
,"/Users/chartlytics/WebstormProjects/sendme-app/React/Components/Pages/Login/LoginStyle.js": {"path":"/Users/chartlytics/WebstormProjects/sendme-app/React/Components/Pages/Login/LoginStyle.js","statementMap":{"0":{"start":{"line":5,"column":19},"end":{"line":14,"column":2}}},"fnMap":{},"branchMap":{},"s":{"0":1},"f":{},"b":{},"_coverageSchema":"332fd63041d2c1bcb487cc26dd0d5f7d97098a6c","hash":"3e5849e90cee98504a696464260a70719178ef09"}
,"/Users/chartlytics/WebstormProjects/sendme-app/React/Components/Pages/Login/index.js": {"path":"/Users/chartlytics/WebstormProjects/sendme-app/React/Components/Pages/Login/index.js","statementMap":{},"fnMap":{},"branchMap":{},"s":{},"f":{},"b":{},"_coverageSchema":"332fd63041d2c1bcb487cc26dd0d5f7d97098a6c","hash":"574684343583d8d7b23e05c7aa54e55a48edc095"}
,"/Users/chartlytics/WebstormProjects/sendme-app/Redux/Actions/User/User.js": {"path":"/Users/chartlytics/WebstormProjects/sendme-app/Redux/Actions/User/User.js","statementMap":{"0":{"start":{"line":6,"column":2},"end":{"line":17,"column":3}},"1":{"start":{"line":7,"column":4},"end":{"line":9,"column":6}},"2":{"start":{"line":11,"column":4},"end":{"line":16,"column":6}}},"fnMap":{"0":{"name":"login","decl":{"start":{"line":5,"column":16},"end":{"line":5,"column":21}},"loc":{"start":{"line":5,"column":89},"end":{"line":18,"column":1}},"line":5}},"branchMap":{"0":{"loc":{"start":{"line":6,"column":2},"end":{"line":17,"column":3}},"type":"if","locations":[{"start":{"line":6,"column":2},"end":{"line":17,"column":3}},{"start":{"line":6,"column":2},"end":{"line":17,"column":3}}],"line":6},"1":{"loc":{"start":{"line":6,"column":6},"end":{"line":6,"column":42}},"type":"binary-expr","locations":[{"start":{"line":6,"column":6},"end":{"line":6,"column":22}},{"start":{"line":6,"column":26},"end":{"line":6,"column":42}}],"line":6}},"s":{"0":0,"1":0,"2":0},"f":{"0":0},"b":{"0":[0,0],"1":[0,0]},"_coverageSchema":"332fd63041d2c1bcb487cc26dd0d5f7d97098a6c","hash":"4baec8bb9dc42ddd9f91892b64a056aa69507eda"}
,"/Users/chartlytics/WebstormProjects/sendme-app/Redux/Reducers/User.js": {"path":"/Users/chartlytics/WebstormProjects/sendme-app/Redux/Reducers/User.js","statementMap":{"0":{"start":{"line":6,"column":39},"end":{"line":9,"column":1}},"1":{"start":{"line":12,"column":2},"end":{"line":30,"column":3}},"2":{"start":{"line":14,"column":6},"end":{"line":18,"column":8}},"3":{"start":{"line":21,"column":17},"end":{"line":21,"column":48}},"4":{"start":{"line":22,"column":6},"end":{"line":25,"column":8}},"5":{"start":{"line":28,"column":6},"end":{"line":28,"column":35}}},"fnMap":{"0":{"name":"(anonymous_0)","decl":{"start":{"line":11,"column":15},"end":{"line":11,"column":16}},"loc":{"start":{"line":11,"column":91},"end":{"line":31,"column":1}},"line":11}},"branchMap":{"0":{"loc":{"start":{"line":11,"column":24},"end":{"line":11,"column":56}},"type":"default-arg","locations":[{"start":{"line":11,"column":44},"end":{"line":11,"column":56}}],"line":11},"1":{"loc":{"start":{"line":12,"column":2},"end":{"line":30,"column":3}},"type":"switch","locations":[{"start":{"line":13,"column":4},"end":{"line":19,"column":5}},{"start":{"line":20,"column":4},"end":{"line":26,"column":5}},{"start":{"line":27,"column":4},"end":{"line":29,"column":5}}],"line":12},"2":{"loc":{"start":{"line":28,"column":13},"end":{"line":28,"column":34}},"type":"binary-expr","locations":[{"start":{"line":28,"column":13},"end":{"line":28,"column":18}},{"start":{"line":28,"column":22},"end":{"line":28,"column":34}}],"line":28}},"s":{"0":1,"1":0,"2":0,"3":0,"4":0,"5":0},"f":{"0":0},"b":{"0":[0],"1":[0,0,0],"2":[0,0]},"_coverageSchema":"332fd63041d2c1bcb487cc26dd0d5f7d97098a6c","hash":"69cb3219b5831649f23df0f67105a0065f398f29"}
}
