{"/Users/chartlytics/WebstormProjects/sendme-app/React/AppTheme/AppTheme.js": {"path":"/Users/chartlytics/WebstormProjects/sendme-app/React/AppTheme/AppTheme.js","statementMap":{"0":{"start":{"line":4,"column":0},"end":{"line":null,"column":-1}}},"fnMap":{},"branchMap":{},"s":{"0":0},"f":{},"b":{}}
,"/Users/chartlytics/WebstormProjects/sendme-app/React/AppTheme/SendMe2017.js": {"path":"/Users/chartlytics/WebstormProjects/sendme-app/React/AppTheme/SendMe2017.js","statementMap":{"0":{"start":{"line":4,"column":26},"end":{"line":4,"column":0}}},"fnMap":{},"branchMap":{},"s":{"0":0},"f":{},"b":{}}
,"/Users/chartlytics/WebstormProjects/sendme-app/React/Components/Display/Button/Button.js": {"path":"/Users/chartlytics/WebstormProjects/sendme-app/React/Components/Display/Button/Button.js","statementMap":{"0":{"start":{"line":2,"column":0},"end":{"line":null,"column":-1}},"1":{"start":{"line":3,"column":0},"end":{"line":null,"column":-1}},"2":{"start":{"line":4,"column":0},"end":{"line":null,"column":-1}},"3":{"start":{"line":7,"column":11},"end":{"line":null,"column":-1}},"4":{"start":{"line":9,"column":4},"end":{"line":null,"column":-1}}},"fnMap":{},"branchMap":{},"s":{"0":0,"1":0,"2":0,"3":0,"4":0},"f":{},"b":{}}
,"/Users/chartlytics/WebstormProjects/sendme-app/React/Components/Display/Button/index.js": {"path":"/Users/chartlytics/WebstormProjects/sendme-app/React/Components/Display/Button/index.js","statementMap":{"0":{"start":{"line":2,"column":0},"end":{"line":null,"column":-1}}},"fnMap":{},"branchMap":{},"s":{"0":0},"f":{},"b":{}}
,"/Users/chartlytics/WebstormProjects/sendme-app/React/Components/Display/Header1/Header1.js": {"path":"/Users/chartlytics/WebstormProjects/sendme-app/React/Components/Display/Header1/Header1.js","statementMap":{"0":{"start":{"line":2,"column":0},"end":{"line":null,"column":-1}},"1":{"start":{"line":3,"column":0},"end":{"line":null,"column":-1}},"2":{"start":{"line":4,"column":0},"end":{"line":null,"column":-1}},"3":{"start":{"line":12,"column":22},"end":{"line":11,"column":11}},"4":{"start":{"line":13,"column":4},"end":{"line":null,"column":-1}}},"fnMap":{},"branchMap":{},"s":{"0":0,"1":0,"2":0,"3":0,"4":0},"f":{},"b":{}}
,"/Users/chartlytics/WebstormProjects/sendme-app/React/Components/Display/Header1/HeaderStyle.js": {"path":"/Users/chartlytics/WebstormProjects/sendme-app/React/Components/Display/Header1/HeaderStyle.js","statementMap":{"0":{"start":{"line":2,"column":0},"end":{"line":null,"column":-1}},"1":{"start":{"line":3,"column":0},"end":{"line":null,"column":-1}},"2":{"start":{"line":5,"column":20},"end":{"line":5,"column":0}}},"fnMap":{},"branchMap":{},"s":{"0":0,"1":0,"2":0},"f":{},"b":{}}
,"/Users/chartlytics/WebstormProjects/sendme-app/React/Components/Display/Header1/index.js": {"path":"/Users/chartlytics/WebstormProjects/sendme-app/React/Components/Display/Header1/index.js","statementMap":{"0":{"start":{"line":2,"column":0},"end":{"line":null,"column":-1}}},"fnMap":{},"branchMap":{},"s":{"0":0},"f":{},"b":{}}
,"/Users/chartlytics/WebstormProjects/sendme-app/React/Components/Display/TextInput/TextInput.js": {"path":"/Users/chartlytics/WebstormProjects/sendme-app/React/Components/Display/TextInput/TextInput.js","statementMap":{"0":{"start":{"line":2,"column":0},"end":{"line":null,"column":-1}},"1":{"start":{"line":3,"column":0},"end":{"line":null,"column":-1}},"2":{"start":{"line":4,"column":0},"end":{"line":null,"column":-1}},"3":{"start":{"line":8,"column":32},"end":{"line":7,"column":11}},"4":{"start":{"line":7,"column":11},"end":{"line":7,"column":10}},"5":{"start":{"line":7,"column":11},"end":{"line":null,"column":-1}},"6":{"start":{"line":9,"column":4},"end":{"line":null,"column":-1}}},"fnMap":{},"branchMap":{},"s":{"0":0,"1":0,"2":0,"3":0,"4":0,"5":0,"6":0},"f":{},"b":{}}
,"/Users/chartlytics/WebstormProjects/sendme-app/React/Components/Display/TextInput/TextInputStyle.js": {"path":"/Users/chartlytics/WebstormProjects/sendme-app/React/Components/Display/TextInput/TextInputStyle.js","statementMap":{"0":{"start":{"line":2,"column":0},"end":{"line":null,"column":-1}},"1":{"start":{"line":3,"column":0},"end":{"line":null,"column":-1}},"2":{"start":{"line":5,"column":23},"end":{"line":5,"column":0}}},"fnMap":{},"branchMap":{},"s":{"0":0,"1":0,"2":0},"f":{},"b":{}}
,"/Users/chartlytics/WebstormProjects/sendme-app/React/Components/Display/TextInput/index.js": {"path":"/Users/chartlytics/WebstormProjects/sendme-app/React/Components/Display/TextInput/index.js","statementMap":{"0":{"start":{"line":2,"column":0},"end":{"line":null,"column":-1}}},"fnMap":{},"branchMap":{},"s":{"0":0},"f":{},"b":{}}
,"/Users/chartlytics/WebstormProjects/sendme-app/React/Components/Pages/Login/Login.js": {"path":"/Users/chartlytics/WebstormProjects/sendme-app/React/Components/Pages/Login/Login.js","statementMap":{"0":{"start":{"line":2,"column":0},"end":{"line":null,"column":-1}},"1":{"start":{"line":3,"column":0},"end":{"line":null,"column":-1}},"2":{"start":{"line":4,"column":0},"end":{"line":null,"column":-1}},"3":{"start":{"line":5,"column":0},"end":{"line":null,"column":-1}},"4":{"start":{"line":6,"column":0},"end":{"line":null,"column":-1}},"5":{"start":{"line":7,"column":0},"end":{"line":null,"column":-1}},"6":{"start":{"line":8,"column":0},"end":{"line":null,"column":-1}},"7":{"start":{"line":9,"column":0},"end":{"line":null,"column":-1}},"8":{"start":{"line":10,"column":0},"end":{"line":null,"column":-1}},"9":{"start":{"line":13,"column":22},"end":{"line":13,"column":0}},"10":{"start":{"line":20,"column":26},"end":{"line":20,"column":0}},"11":{"start":{"line":20,"column":26},"end":{"line":20,"column":-1}},"12":{"start":{"line":22,"column":24},"end":{"line":22,"column":0}},"13":{"start":{"line":22,"column":24},"end":{"line":22,"column":-1}},"14":{"start":{"line":41,"column":4},"end":{"line":null,"column":-1}},"15":{"start":{"line":45,"column":4},"end":{"line":null,"column":-1}},"16":{"start":{"line":49,"column":35},"end":{"line":48,"column":18}},"17":{"start":{"line":50,"column":35},"end":{"line":48,"column":18}},"18":{"start":{"line":48,"column":18},"end":{"line":48,"column":17}},"19":{"start":{"line":51,"column":4},"end":{"line":null,"column":-1}},"20":{"start":{"line":55,"column":27},"end":{"line":54,"column":11}},"21":{"start":{"line":56,"column":4},"end":{"line":null,"column":-1}}},"fnMap":{"0":{"name":"mapActionsToProps","decl":{"start":{"line":20,"column":6},"end":{"line":20,"column":26}},"loc":{"start":{"line":20,"column":26},"end":{"line":20,"column":0}}},"1":{"name":"mapStateToProps","decl":{"start":{"line":22,"column":6},"end":{"line":22,"column":24}},"loc":{"start":{"line":22,"column":24},"end":{"line":22,"column":0}}}},"branchMap":{"0":{"loc":{"start":{"line":62,"column":11},"end":{"line":62,"column":10}},"type":"binary-expr","locations":[{"start":{"line":62,"column":11},"end":{"line":62,"column":10}},{"start":{"line":62,"column":33},"end":{"line":61,"column":8}}]}},"s":{"0":0,"1":0,"2":0,"3":0,"4":0,"5":0,"6":0,"7":0,"8":0,"9":0,"10":0,"11":0,"12":0,"13":0,"14":0,"15":0,"16":0,"17":0,"18":0,"19":0,"20":0,"21":0},"f":{"0":0,"1":0},"b":{"0":[0,0]}}
,"/Users/chartlytics/WebstormProjects/sendme-app/React/Components/Pages/Login/LoginStyle.js": {"path":"/Users/chartlytics/WebstormProjects/sendme-app/React/Components/Pages/Login/LoginStyle.js","statementMap":{"0":{"start":{"line":2,"column":0},"end":{"line":null,"column":-1}},"1":{"start":{"line":3,"column":0},"end":{"line":null,"column":-1}},"2":{"start":{"line":5,"column":19},"end":{"line":5,"column":0}}},"fnMap":{},"branchMap":{},"s":{"0":0,"1":0,"2":0},"f":{},"b":{}}
,"/Users/chartlytics/WebstormProjects/sendme-app/React/Components/Pages/Login/index.js": {"path":"/Users/chartlytics/WebstormProjects/sendme-app/React/Components/Pages/Login/index.js","statementMap":{"0":{"start":{"line":2,"column":0},"end":{"line":null,"column":-1}}},"fnMap":{},"branchMap":{},"s":{"0":0},"f":{},"b":{}}
,"/Users/chartlytics/WebstormProjects/sendme-app/Redux/Actions/User/User.js": {"path":"/Users/chartlytics/WebstormProjects/sendme-app/Redux/Actions/User/User.js","statementMap":{"0":{"start":{"line":3,"column":0},"end":{"line":5,"column":6}},"1":{"start":{"line":5,"column":89},"end":{"line":5,"column":88}},"2":{"start":{"line":6,"column":2},"end":{"line":17,"column":3}},"3":{"start":{"line":7,"column":4},"end":{"line":null,"column":-1}},"4":{"start":{"line":11,"column":4},"end":{"line":null,"column":-1}}},"fnMap":{"0":{"name":"login","decl":{"start":{"line":5,"column":16},"end":{"line":5,"column":7}},"loc":{"start":{"line":5,"column":89},"end":{"line":18,"column":1}}}},"branchMap":{"0":{"loc":{"start":{"line":6,"column":2},"end":{"line":17,"column":3}},"type":"if","locations":[{"start":{"line":6,"column":2},"end":{"line":17,"column":3}},{"start":{"line":6,"column":2},"end":{"line":17,"column":3}}]},"1":{"loc":{"start":{"line":6,"column":6},"end":{"line":6,"column":5}},"type":"binary-expr","locations":[{"start":{"line":6,"column":6},"end":{"line":6,"column":5}},{"start":{"line":6,"column":26},"end":{"line":6,"column":2}}]}},"s":{"0":0,"1":0,"2":0,"3":0,"4":0},"f":{"0":0},"b":{"0":[0,0],"1":[0,0]}}
,"/Users/chartlytics/WebstormProjects/sendme-app/Redux/Reducers/User.js": {"path":"/Users/chartlytics/WebstormProjects/sendme-app/Redux/Reducers/User.js","statementMap":{"0":{"start":{"line":6,"column":39},"end":{"line":9,"column":1}},"1":{"start":{"line":12,"column":2},"end":{"line":30,"column":3}},"2":{"start":{"line":14,"column":6},"end":{"line":18,"column":8}},"3":{"start":{"line":21,"column":17},"end":{"line":21,"column":48}},"4":{"start":{"line":22,"column":6},"end":{"line":25,"column":8}},"5":{"start":{"line":28,"column":6},"end":{"line":28,"column":35}}},"fnMap":{"0":{"name":"(anonymous_0)","decl":{"start":{"line":11,"column":15},"end":{"line":11,"column":16}},"loc":{"start":{"line":11,"column":91},"end":{"line":31,"column":1}},"line":11}},"branchMap":{"0":{"loc":{"start":{"line":11,"column":24},"end":{"line":11,"column":56}},"type":"default-arg","locations":[{"start":{"line":11,"column":44},"end":{"line":11,"column":56}}],"line":11},"1":{"loc":{"start":{"line":12,"column":2},"end":{"line":30,"column":3}},"type":"switch","locations":[{"start":{"line":13,"column":4},"end":{"line":19,"column":5}},{"start":{"line":20,"column":4},"end":{"line":26,"column":5}},{"start":{"line":27,"column":4},"end":{"line":29,"column":5}}],"line":12},"2":{"loc":{"start":{"line":12,"column":10},"end":{"line":12,"column":39}},"type":"binary-expr","locations":[{"start":{"line":12,"column":10},"end":{"line":12,"column":24}},{"start":{"line":12,"column":28},"end":{"line":12,"column":39}}],"line":12},"3":{"loc":{"start":{"line":28,"column":13},"end":{"line":28,"column":34}},"type":"binary-expr","locations":[{"start":{"line":28,"column":13},"end":{"line":28,"column":18}},{"start":{"line":28,"column":22},"end":{"line":28,"column":34}}],"line":28}},"s":{"0":1,"1":7,"2":1,"3":1,"4":1,"5":5},"f":{"0":7},"b":{"0":[4],"1":[1,1,5],"2":[7,6],"3":[5,0]},"_coverageSchema":"332fd63041d2c1bcb487cc26dd0d5f7d97098a6c","hash":"e2c4024e699a5dfefee2120b8e3ce83bb1a53a01"}
}
