TN:
SF:/Users/chartlytics/WebstormProjects/sendme-app/React/AppTheme/AppTheme.js
FNF:0
FNH:0
LF:0
LH:0
BRF:0
BRH:0
end_of_record
TN:
SF:/Users/chartlytics/WebstormProjects/sendme-app/React/AppTheme/SendMe2017.js
FNF:0
FNH:0
DA:4,4
LF:1
LH:1
BRF:0
BRH:0
end_of_record
TN:
SF:/Users/chartlytics/WebstormProjects/sendme-app/React/Components/Display/Button/Button.js
FN:7,(anonymous_0)
FNF:1
FNH:1
FNDA:1,(anonymous_0)
DA:8,1
DA:9,1
LF:2
LH:2
BRF:0
BRH:0
end_of_record
TN:
SF:/Users/chartlytics/WebstormProjects/sendme-app/React/Components/Display/Button/index.js
FNF:0
FNH:0
LF:0
LH:0
BRF:0
BRH:0
end_of_record
TN:
SF:/Users/chartlytics/WebstormProjects/sendme-app/React/Components/Display/Header1/Header1.js
FN:11,(anonymous_0)
FNF:1
FNH:1
FNDA:1,(anonymous_0)
DA:12,1
DA:13,1
LF:2
LH:2
BRF:0
BRH:0
end_of_record
TN:
SF:/Users/chartlytics/WebstormProjects/sendme-app/React/Components/Display/Header1/HeaderStyle.js
FNF:0
FNH:0
DA:5,2
LF:1
LH:1
BRF:0
BRH:0
end_of_record
TN:
SF:/Users/chartlytics/WebstormProjects/sendme-app/React/Components/Display/Header1/index.js
FNF:0
FNH:0
LF:0
LH:0
BRF:0
BRH:0
end_of_record
TN:
SF:/Users/chartlytics/WebstormProjects/sendme-app/React/Components/Display/TextInput/TextInput.js
FN:7,(anonymous_0)
FNF:1
FNH:1
FNDA:1,(anonymous_0)
DA:8,1
DA:9,1
LF:2
LH:2
BRF:0
BRH:0
end_of_record
TN:
SF:/Users/chartlytics/WebstormProjects/sendme-app/React/Components/Display/TextInput/TextInputStyle.js
FNF:0
FNH:0
DA:5,2
LF:1
LH:1
BRF:0
BRH:0
end_of_record
TN:
SF:/Users/chartlytics/WebstormProjects/sendme-app/React/Components/Display/TextInput/index.js
FNF:0
FNH:0
LF:0
LH:0
BRF:0
BRH:0
end_of_record
TN:
SF:/Users/chartlytics/WebstormProjects/sendme-app/React/Components/Pages/Login/Login.js
FN:20,(anonymous_0)
FN:22,(anonymous_1)
FN:40,(anonymous_2)
FN:44,(anonymous_3)
FN:48,(anonymous_4)
FN:54,(anonymous_5)
FNF:6
FNH:2
FNDA:1,(anonymous_0)
FNDA:1,(anonymous_1)
FNDA:0,(anonymous_2)
FNDA:0,(anonymous_3)
FNDA:0,(anonymous_4)
FNDA:0,(anonymous_5)
DA:13,1
DA:20,1
DA:22,1
DA:41,0
DA:45,0
DA:49,0
DA:50,0
DA:51,0
DA:55,0
DA:56,0
LF:10
LH:3
BRDA:62,0,0,0
BRDA:62,0,1,0
BRF:2
BRH:0
end_of_record
TN:
SF:/Users/chartlytics/WebstormProjects/sendme-app/React/Components/Pages/Login/LoginStyle.js
FNF:0
FNH:0
DA:5,1
LF:1
LH:1
BRF:0
BRH:0
end_of_record
TN:
SF:/Users/chartlytics/WebstormProjects/sendme-app/React/Components/Pages/Login/index.js
FNF:0
FNH:0
LF:0
LH:0
BRF:0
BRH:0
end_of_record
TN:
SF:/Users/chartlytics/WebstormProjects/sendme-app/Redux/Actions/User/User.js
FN:5,login
FNF:1
FNH:0
FNDA:0,login
DA:6,0
DA:7,0
DA:11,0
LF:3
LH:0
BRDA:6,0,0,0
BRDA:6,0,1,0
BRDA:6,1,0,0
BRDA:6,1,1,0
BRF:4
BRH:0
end_of_record
TN:
SF:/Users/chartlytics/WebstormProjects/sendme-app/Redux/Reducers/User.js
FN:11,(anonymous_0)
FNF:1
FNH:0
FNDA:0,(anonymous_0)
DA:6,1
DA:12,0
DA:14,0
DA:21,0
DA:22,0
DA:28,0
LF:6
LH:1
BRDA:11,0,0,0
BRDA:12,1,0,0
BRDA:12,1,1,0
BRDA:12,1,2,0
BRDA:28,2,0,0
BRDA:28,2,1,0
BRF:6
BRH:0
end_of_record
